<?xml version="1.0" encoding="UTF-8"?>
<!-- Generated by org.testng.reporters.JUnitReportReporter -->
<testsuite hostname="LIN83004928" failures="0" tests="2" name="ppack.LoginTest" time="53.309" errors="0" timestamp="2022-09-12T18:30:14 IST" skipped="0">
  <testcase classname="ppack.LoginTest" name="LoginWithValidCredential" time="18.039"/>
  <system-out/>
  <testcase classname="ppack.LoginTest" name="loginWithInvalidCredential" time="35.270"/>
  <system-out/>
</testsuite> <!-- ppack.LoginTest -->
