<?xml version="1.0" encoding="UTF-8"?>
<!-- Generated by org.testng.reporters.JUnitReportReporter -->
<testsuite hostname="LIN83004928" failures="0" tests="2" name="ppack.ForgotPin" time="29.126" errors="0" timestamp="2022-09-09T20:05:06 IST" skipped="0">
  <testcase classname="ppack.ForgotPin" name="usingValidPhoneNumber" time="11.851"/>
  <system-out/>
  <testcase classname="ppack.ForgotPin" name="withoutProvidingPhoneNumber" time="17.275"/>
  <system-out/>
</testsuite> <!-- ppack.ForgotPin -->
