<?xml version="1.0" encoding="UTF-8"?>
<!-- Generated by org.testng.reporters.JUnitReportReporter -->
<testsuite hostname="LIN83004928" failures="0" tests="2" name="ppack.SignUp" time="19.516" errors="0" timestamp="2022-09-09T20:05:06 IST" skipped="0">
  <testcase classname="ppack.SignUp" name="signUpWithValidCredential" time="11.750"/>
  <system-out/>
  <testcase classname="ppack.SignUp" name="signUpWithoutSelectingSalutation" time="7.766"/>
  <system-out/>
</testsuite> <!-- ppack.SignUp -->
