<?xml version="1.0" encoding="UTF-8"?>
<!-- Generated by org.testng.reporters.JUnitReportReporter -->
<testsuite hostname="LIN83004928" failures="0" tests="2" name="ppack.ForgotPinTest" time="53.789" errors="0" timestamp="2022-09-12T18:30:14 IST" skipped="0">
  <testcase classname="ppack.ForgotPinTest" name="withoutProvidingPhoneNumber" time="33.759"/>
  <system-out/>
  <testcase classname="ppack.ForgotPinTest" name="usingValidPhoneNumber" time="20.030"/>
  <system-out/>
</testsuite> <!-- ppack.ForgotPinTest -->
