<?xml version="1.0" encoding="UTF-8"?>
<!-- Generated by org.testng.reporters.JUnitReportReporter -->
<testsuite hostname="LIN83004928" failures="0" tests="2" name="ppack.SignUpTest" time="34.198" errors="0" timestamp="2022-09-12T18:30:14 IST" skipped="0">
  <testcase classname="ppack.SignUpTest" name="signUpWithValidCredential" time="17.729"/>
  <system-out/>
  <testcase classname="ppack.SignUpTest" name="signUpWithoutSelectingSalutation" time="16.469"/>
  <system-out/>
</testsuite> <!-- ppack.SignUpTest -->
