<?xml version="1.0" encoding="UTF-8"?>
<!-- Generated by org.testng.reporters.JUnitReportReporter -->
<testsuite hostname="LIN83004928" failures="0" tests="2" name="ppack.Login" time="34.011" errors="0" timestamp="2022-09-09T20:05:06 IST" skipped="0">
  <testcase classname="ppack.Login" name="LoginWithValidCredential" time="18.379"/>
  <system-out/>
  <testcase classname="ppack.Login" name="loginWithInvalidCredential" time="15.632"/>
  <system-out/>
</testsuite> <!-- ppack.Login -->
